[1;32mContinuous Integration[0m
[1;90mRunning tests, style checks, and security audits[0m
[1;35m

Setup[0m
[1;90mbin/rails db:test:prepare
[0m
[1;32m
✅ Setup passed in 3.41s[0m
[1;35m

Style: Ruby[0m
[1;90mbin/rubocop
[0m
Inspecting 165 files
.....................................................................................................................................................................

165 files inspected, no offenses detected
[1;32m
✅ Style: Ruby passed in 1.60s[0m
[1;35m

Style: ERB Templates[0m
[1;90mbundle exec erb_lint --lint-all
[0m
warning: parser/current is loading parser/ruby33, which recognizes 3.3.10-compliant syntax, but you are running 3.3.5.
Please see https://github.com/whitequark/parser#compatibility-with-ruby-mri.
Linting 29 files with 13 linters...

No errors were found in ERB files
[1;32m
✅ Style: ERB Templates passed in 2.02s[0m
[1;35m

Security: Gem audit[0m
[1;90mbin/bundler-audit
[0m
No vulnerabilities found
[1;32m
✅ Security: Gem audit passed in 0.31s[0m
[1;35m

Security: Importmap vulnerability audit[0m
[1;90mbin/importmap audit
[0m
No vulnerable packages found
[1;32m
✅ Security: Importmap vulnerability audit passed in 1.08s[0m
[1;35m

Security: Brakeman code analysis[0m
[1;90mbin/brakeman --quiet --no-pager --exit-on-warn --exit-on-error
[0m

== Brakeman Report ==

Application Path: /workspaces/covertext
Rails Version: 8.1.2
Brakeman Version: 8.0.2
Scan Date: 2026-02-09 16:23:25 +0000
Duration: 1.495360751 seconds
Checks Run: BasicAuth, BasicAuthTimingAttack, CSRFTokenForgeryCVE, ContentTag, CookieSerialization, CreateWith, CrossSiteScripting, DefaultRoutes, Deserialize, DetailedExceptions, DigestDoS, DynamicFinders, EOLRails, EOLRuby, EscapeFunction, Evaluation, Execute, FileAccess, FileDisclosure, FilterSkipping, ForgerySetting, HeaderDoS, I18nXSS, JRubyXML, JSONEncoding, JSONEntityEscape, JSONParsing, LinkTo, LinkToHref, MailTo, MassAssignment, MimeTypeDoS, ModelAttrAccessible, ModelAttributes, ModelSerialize, NestedAttributes, NestedAttributesBypass, NumberToCurrency, PageCachingCVE, Pathname, PermitAttributes, QuoteTableName, Ransack, Redirect, RegexDoS, Render, RenderDoS, RenderInline, RenderRCE, ResponseSplitting, RouteDoS, SQL, SQLCVEs, SSLVerify, SafeBufferManipulation, SanitizeConfigCve, SanitizeMethods, SelectTag, SelectVulnerability, Send, SendFile, SessionManipulation, SessionSettings, SimpleFormat, SingleQuotes, SkipBeforeFilter, SprocketsPathTraversal, StripTags, SymbolDoSCVE, TemplateInjection, TranslateBug, UnsafeReflection, UnsafeReflectionMethods, ValidationRegex, VerbConfusion, WeakRSAKey, WithoutProtection, XMLDoS, YAMLParsing

== Overview ==

Controllers: 20
Models: 16
Templates: 29
Errors: 0
Security Warnings: 0

== Warning Types ==


No warnings found

[1;32m
✅ Security: Brakeman code analysis passed in 4.43s[0m
[1;35m

Tests: Rails[0m
[1;90mbin/rails test
[0m
[3m[1m[34m≈[39m[22m[23m tailwindcss [34mv4.1.18[39m

/*! 🌼 daisyUI 5.5.14 */
Found 1 warning while optimizing generated CSS:

[2m│ }[22m
[2m│ @layer base {[22m
[2m│[22m   @property --radialprogress {
[2m┆[22m            [33m[2m^--[22m Unknown at rule: @property[39m
[2m┆[22m
[2m│     syntax: "<percentage>";[22m
[2m│     inherits: true;[22m

Done in [33m532ms[39m

Run options: --seed 46886

# Running:

.........................................................................................................................................................................................................................................................................................................................................................................................................................................................................................

Finished in 8.540752s, 55.3815 runs/s, 179.0240 assertions/s.
473 runs, 1529 assertions, 0 failures, 0 errors, 0 skips
[1;32m
✅ Tests: Rails passed in 11.04s[0m
[1;32m
✅ Continuous Integration passed in 23.89s[0m
